<?xml version="1.0" encoding="UTF-8"?>
<!-- Generated by org.testng.reporters.JUnitXMLReporter -->
<testsuite ignored="0" hostname="DESKTOP-G86MNO3" failures="0" tests="2" name="Default test" time="113.113" errors="0" timestamp="2022-02-28T17:43:16 IST">
  <testcase classname="com.crm.qa.testcases.ContactsPageTest" name="verifyContactsPageLabel" time="1.127"/>
  <testcase classname="com.crm.qa.testcases.ContactsPageTest" name="selectContactsByName" time="10.391"/>
</testsuite> <!-- Default test -->
